{"/Users/raul/Repositorios/Match TFE/webapp/src/components/LandingPage/LandingPage.tsx": {"path":"/Users/raul/Repositorios/Match TFE/webapp/src/components/LandingPage/LandingPage.tsx","statementMap":{"0":{"start":{"line":5,"column":2},"end":{"line":48,"column":null}}},"fnMap":{"0":{"name":"LandingPage","decl":{"start":{"line":4,"column":24},"end":{"line":4,"column":null}},"loc":{"start":{"line":4,"column":24},"end":{"line":55,"column":null}},"line":4}},"branchMap":{},"s":{"0":1},"f":{"0":1},"b":{},"meta":{"lastBranch":0,"lastFunction":1,"lastStatement":1,"seen":{"f:4:24:4:Infinity":0,"s:5:2:48:Infinity":0}}}
}
